Построение начато 17.05.2014 13:41:28.
     1>Проект "C:\Documents and Settings\User\Рабочий стол\проекты\проект 31\Gamexim\Gamexim\Gamexim.vcxproj" в узле 2 (целевые объекты build).
     1>InitializeBuildStatus:
         Создание "Debug\Gamexim.unsuccessfulbuild", так как было задано "AlwaysCreate".
       ClCompile:
         Для всех выходных данных обновления не требуется.
         C:\Program Files\Microsoft Visual Studio 10.0\VC\bin\CL.exe /c /ZI /nologo /W3 /WX- /Od /Oy- /D WIN32 /D _DEBUG /D _CONSOLE /D _UNICODE /D UNICODE /Gm /EHsc /RTC1 /MDd /GS /fp:precise /Zc:wchar_t /Zc:forScope /Yu"StdAfx.h" /Fp"Debug\Gamexim.pch" /Fo"Debug\\" /Fd"Debug\vc100.pdb" /Gd /TP /analyze- /errorReport:prompt GameTetris.cpp
         GameTetris.cpp
     1>c:\documents and settings\user\рабочий стол\проекты\проект 31\gamexim\gamexim\gametetris.cpp(89): warning C4996: 'getch': The POSIX name for this item is deprecated. Instead, use the ISO C++ conformant name: _getch. See online help for details.
                 c:\program files\microsoft visual studio 10.0\vc\include\conio.h(128): см. объявление "getch"
       ManifestResourceCompile:
         Для всех выходных данных обновления не требуется.
       Link:
         C:\Program Files\Microsoft Visual Studio 10.0\VC\bin\link.exe /ERRORREPORT:PROMPT /OUT:"C:\Documents and Settings\User\Рабочий стол\проекты\проект 31\Gamexim\Debug\Gamexim.exe" /INCREMENTAL /NOLOGO kernel32.lib user32.lib gdi32.lib winspool.lib comdlg32.lib advapi32.lib shell32.lib ole32.lib oleaut32.lib uuid.lib odbc32.lib odbccp32.lib /MANIFEST /ManifestFile:"Debug\Gamexim.exe.intermediate.manifest" /MANIFESTUAC:"level='asInvoker' uiAccess='false'" /DEBUG /PDB:"C:\Documents and Settings\User\Рабочий стол\проекты\проект 31\Gamexim\Debug\Gamexim.pdb" /SUBSYSTEM:CONSOLE /TLBID:1 /DYNAMICBASE /NXCOMPAT /IMPLIB:"C:\Documents and Settings\User\Рабочий стол\проекты\проект 31\Gamexim\Debug\Gamexim.lib" /MACHINE:X86 Debug\Gamexim.exe.embed.manifest.res
         Debug\Buttonx.obj
         Debug\GameTetris.obj
         Debug\Gamexim.obj
         Debug\stdafx.obj
         Debug\Tetris.obj
       Manifest:
         C:\Program Files\Microsoft SDKs\Windows\v7.0A\bin\mt.exe /nologo /verbose /out:"Debug\Gamexim.exe.embed.manifest" /manifest Debug\Gamexim.exe.intermediate.manifest
         Для всех выходных данных обновления не требуется.
       LinkEmbedManifest:
         Для всех выходных данных обновления не требуется.
         Gamexim.vcxproj -> C:\Documents and Settings\User\Рабочий стол\проекты\проект 31\Gamexim\Debug\Gamexim.exe
       FinalizeBuildStatus:
         Файл "Debug\Gamexim.unsuccessfulbuild" удаляется.
         Обращение к "Debug\Gamexim.lastbuildstate".
     1>Построение проекта "C:\Documents and Settings\User\Рабочий стол\проекты\проект 31\Gamexim\Gamexim\Gamexim.vcxproj" завершено (целевые объекты build).

Построение успешно завершено.

Затраченное время: 00:00:00.95
